<?xml version="1.0" encoding="UTF-8"?>
<testng-results ignored="0" total="1" passed="1" failed="0" skipped="0">
  <reporter-output>
  </reporter-output>
  <suite started-at="2024-10-20T15:29:48 IST" name="Default suite" finished-at="2024-10-20T15:30:58 IST" duration-ms="69561">
    <groups>
    </groups>
    <test started-at="2024-10-20T15:29:48 IST" name="Default test" finished-at="2024-10-20T15:30:58 IST" duration-ms="69561">
      <class name="E_comm.E_Comm1">
        <test-method is-config="true" signature="appiumTest()[pri:0, instance:E_comm.E_Comm1@31190526]" started-at="2024-10-20T15:29:48 IST" name="appiumTest" finished-at="2024-10-20T15:30:30 IST" duration-ms="41594" status="PASS">
          <reporter-output>
          </reporter-output>
        </test-method> <!-- appiumTest -->
        <test-method signature="FillForm()[pri:0, instance:E_comm.E_Comm1@31190526]" started-at="2024-10-20T15:30:30 IST" name="FillForm" finished-at="2024-10-20T15:30:58 IST" duration-ms="27841" status="PASS">
          <reporter-output>
          </reporter-output>
        </test-method> <!-- FillForm -->
      </class> <!-- E_comm.E_Comm1 -->
    </test> <!-- Default test -->
  </suite> <!-- Default suite -->
</testng-results>
